<?xml version="1.0" encoding="UTF-8"?>
<testng-results skipped="0" failed="0" total="1" passed="1">
  <reporter-output>
  </reporter-output>
  <suite name="testPackage.FileLoadRobotTest" duration-ms="35244" started-at="2018-04-30T20:54:45Z" finished-at="2018-04-30T20:55:20Z">
    <groups>
    </groups>
    <test name="Command line test" duration-ms="35244" started-at="2018-04-30T20:54:45Z" finished-at="2018-04-30T20:55:20Z">
      <class name="testPackage.FileLoadRobotTest">
        <test-method status="PASS" signature="FileLoadRobotTest()[pri:0, instance:testPackage.FileLoadRobotTest@82d64]" name="FileLoadRobotTest" duration-ms="35219" started-at="2018-05-01T02:24:45Z" finished-at="2018-05-01T02:25:20Z">
          <reporter-output>
          </reporter-output>
        </test-method> <!-- FileLoadRobotTest -->
      </class> <!-- testPackage.FileLoadRobotTest -->
    </test> <!-- Command line test -->
  </suite> <!-- testPackage.FileLoadRobotTest -->
</testng-results>
