<?xml version="1.0" encoding="UTF-8"?>
<testng-results skipped="0" failed="0" total="1" passed="1">
  <reporter-output>
  </reporter-output>
  <suite name="Default suite" duration-ms="24398" started-at="2018-04-28T18:47:31Z" finished-at="2018-04-28T18:47:56Z">
    <groups>
    </groups>
    <test name="Default test" duration-ms="24398" started-at="2018-04-28T18:47:31Z" finished-at="2018-04-28T18:47:56Z">
      <class name="testPackage.DatePicker">
        <test-method status="PASS" signature="PickDate()[pri:0, instance:testPackage.DatePicker@193948d]" name="PickDate" duration-ms="24365" started-at="2018-04-29T00:17:32Z" finished-at="2018-04-29T00:17:56Z">
          <reporter-output>
          </reporter-output>
        </test-method> <!-- PickDate -->
      </class> <!-- testPackage.DatePicker -->
    </test> <!-- Default test -->
  </suite> <!-- Default suite -->
</testng-results>
